{
  "stats": {
    "suites": 1,
    "tests": 2,
    "passes": 2,
    "pending": 0,
    "failures": 0,
    "start": "2024-08-15T05:04:42.315Z",
    "end": "2024-08-15T05:04:42.694Z",
    "duration": 379,
    "testsRegistered": 2,
    "passPercent": 100,
    "pendingPercent": 0,
    "other": 0,
    "hasOther": false,
    "skipped": 0,
    "hasSkipped": false
  },
  "results": [
    {
      "uuid": "a76bef50-646d-4484-bd38-04ee7ebfa10e",
      "title": "",
      "fullFile": "H:\\git\\ds-session7\\test\\test-demo.js",
      "file": "\\test\\test-demo.js",
      "beforeHooks": [],
      "afterHooks": [],
      "tests": [],
      "suites": [
        {
          "uuid": "9547067d-345e-4388-8852-e7e7958360a6",
          "title": "API Test for \"restful-api.dev\"",
          "fullFile": "H:\\git\\ds-session7\\test\\test-demo.js",
          "file": "\\test\\test-demo.js",
          "beforeHooks": [],
          "afterHooks": [],
          "tests": [
            {
              "title": "Test - GET All Objects",
              "fullTitle": "API Test for \"restful-api.dev\" Test - GET All Objects",
              "timedOut": false,
              "duration": 217,
              "state": "passed",
              "speed": "slow",
              "pass": true,
              "fail": false,
              "pending": false,
              "context": null,
              "code": "const response = await request(BASE_URL)\n    .get(\"objects\")\n// console.log(response.statusCode);\n// console.log(response.body)\n//assertion\nassert.equal(response.statusCode, 200)\nassert.equal(response.body[0].name, 'Google Pixel 6 Pro')\nassert.equal(response.body[0].data.color, 'Cloudy White')",
              "err": {},
              "uuid": "c153c1b9-8b15-4bb6-828d-d100552ba0de",
              "parentUUID": "9547067d-345e-4388-8852-e7e7958360a6",
              "isHook": false,
              "skipped": false
            },
            {
              "title": "Test - POST All Objects",
              "fullTitle": "API Test for \"restful-api.dev\" Test - POST All Objects",
              "timedOut": false,
              "duration": 156,
              "state": "passed",
              "speed": "slow",
              "pass": true,
              "fail": false,
              "pending": false,
              "context": null,
              "code": "const body = {\n    \"name\": \"Apple MacBook Pro 16\",\n    \"data\": {\n        \"year\": 2019,\n        \"price\": 1849.99,\n        \"CPU model\": \"Intel Core i9\",\n        \"Hard disk size\": \"1 TB\"\n    }\n}\nconst response = await request(BASE_URL)\n    .post(\"objects\")\n    .send(body);\nconsole.log(response.statusCode);\nconsole.log(response.body)\nconst schemaPath = \"resources/post-object-schema.json\";\nconst jsonSchema = JSON.parse(fs.readFileSync(schemaPath, 'utf8'))\nassert.jsonSchema(response.body, jsonSchema);",
              "err": {},
              "uuid": "d4826b18-0003-400e-ae75-387757dcc263",
              "parentUUID": "9547067d-345e-4388-8852-e7e7958360a6",
              "isHook": false,
              "skipped": false
            }
          ],
          "suites": [],
          "passes": [
            "c153c1b9-8b15-4bb6-828d-d100552ba0de",
            "d4826b18-0003-400e-ae75-387757dcc263"
          ],
          "failures": [],
          "pending": [],
          "skipped": [],
          "duration": 373,
          "root": false,
          "rootEmpty": false,
          "_timeout": 2000
        }
      ],
      "passes": [],
      "failures": [],
      "pending": [],
      "skipped": [],
      "duration": 0,
      "root": true,
      "rootEmpty": true,
      "_timeout": 2000
    }
  ],
  "meta": {
    "mocha": {
      "version": "10.7.3"
    },
    "mochawesome": {
      "options": {
        "quiet": false,
        "reportFilename": "mochawesome",
        "saveHtml": true,
        "saveJson": true,
        "consoleReporter": "spec",
        "useInlineDiffs": false,
        "code": true
      },
      "version": "7.1.3"
    },
    "marge": {
      "options": null,
      "version": "6.2.0"
    }
  }
}